Flow report for audio_processor
Wed Apr 26 20:11:04 2017
Quartus Prime Version 16.1.0 Build 196 10/24/2016 SJ Lite Edition


---------------------
; Table of Contents ;
---------------------
  1. Legal Notice
  2. Flow Summary
  3. Flow Settings
  4. Flow Non-Default Global Settings
  5. Flow Elapsed Time
  6. Flow OS Summary
  7. Flow Log
  8. Flow Messages
  9. Flow Suppressed Messages



----------------
; Legal Notice ;
----------------
Copyright (C) 2016  Intel Corporation. All rights reserved.
Your use of Intel Corporation's design tools, logic functions 
and other software and tools, and its AMPP partner logic 
functions, and any output files from any of the foregoing 
(including device programming or simulation files), and any 
associated documentation or information are expressly subject 
to the terms and conditions of the Intel Program License 
Subscription Agreement, the Intel Quartus Prime License Agreement,
the Intel MegaCore Function License Agreement, or other 
applicable license agreement, including, without limitation, 
that your use is for the sole purpose of programming logic 
devices manufactured by Intel and sold by Intel or its 
authorized distributors.  Please refer to the applicable 
agreement for further details.



+-------------------------------------------------------------------------------+
; Flow Summary                                                                  ;
+---------------------------------+---------------------------------------------+
; Flow Status                     ; Successful - Wed Apr 26 20:10:44 2017       ;
; Quartus Prime Version           ; 16.1.0 Build 196 10/24/2016 SJ Lite Edition ;
; Revision Name                   ; audio_processor                             ;
; Top-level Entity Name           ; top                                         ;
; Family                          ; Cyclone V                                   ;
; Device                          ; 5CSEMA5F31C6                                ;
; Timing Models                   ; Final                                       ;
; Logic utilization (in ALMs)     ; 1,207 / 32,070 ( 4 % )                      ;
; Total registers                 ; 1684                                        ;
; Total pins                      ; 189 / 457 ( 41 % )                          ;
; Total virtual pins              ; 0                                           ;
; Total block memory bits         ; 281,728 / 4,065,280 ( 7 % )                 ;
; Total DSP Blocks                ; 0 / 87 ( 0 % )                              ;
; Total HSSI RX PCSs              ; 0                                           ;
; Total HSSI PMA RX Deserializers ; 0                                           ;
; Total HSSI TX PCSs              ; 0                                           ;
; Total HSSI PMA TX Serializers   ; 0                                           ;
; Total PLLs                      ; 1 / 6 ( 17 % )                              ;
; Total DLLs                      ; 0 / 4 ( 0 % )                               ;
+---------------------------------+---------------------------------------------+


+-----------------------------------------+
; Flow Settings                           ;
+-------------------+---------------------+
; Option            ; Setting             ;
+-------------------+---------------------+
; Start date & time ; 04/26/2017 20:07:55 ;
; Main task         ; Compilation         ;
; Revision Name     ; audio_processor     ;
+-------------------+---------------------+


+--------------------------------------------------------------------------------------------------------------------------------------------------+
; Flow Non-Default Global Settings                                                                                                                 ;
+-------------------------------------+---------------------------------------------------------------+-----------------+-------------+------------+
; Assignment Name                     ; Value                                                         ; Default Value   ; Entity Name ; Section Id ;
+-------------------------------------+---------------------------------------------------------------+-----------------+-------------+------------+
; COMPILER_SIGNATURE_ID               ; 277807412919991.149325167409128                               ; --              ; --          ; --         ;
; MAX_CORE_JUNCTION_TEMP              ; 85                                                            ; --              ; --          ; --         ;
; MIN_CORE_JUNCTION_TEMP              ; 0                                                             ; --              ; --          ; --         ;
; MISC_FILE                           ; nios_system/synthesis/../nios_system.cmp                      ; --              ; --          ; --         ;
; MISC_FILE                           ; nios_system/synthesis/../../nios_system.qsys                  ; --              ; --          ; --         ;
; PARTITION_COLOR                     ; -- (Not supported for targeted family)                        ; --              ; top         ; Top        ;
; PARTITION_FITTER_PRESERVATION_LEVEL ; -- (Not supported for targeted family)                        ; --              ; top         ; Top        ;
; PARTITION_NETLIST_TYPE              ; -- (Not supported for targeted family)                        ; --              ; top         ; Top        ;
; POWER_BOARD_THERMAL_MODEL           ; None (CONSERVATIVE)                                           ; --              ; --          ; --         ;
; POWER_PRESET_COOLING_SOLUTION       ; 23 MM HEAT SINK WITH 200 LFPM AIRFLOW                         ; --              ; --          ; --         ;
; PROJECT_OUTPUT_DIRECTORY            ; ../output_files                                               ; --              ; --          ; --         ;
; SLD_FILE                            ; nios_system/synthesis/nios_system.regmap                      ; --              ; --          ; --         ;
; SLD_FILE                            ; nios_system/synthesis/nios_system.debuginfo                   ; --              ; --          ; --         ;
; SLD_INFO                            ; QSYS_NAME nios_system HAS_SOPCINFO 1 GENERATION_ID 1493243458 ; --              ; nios_system ; --         ;
; SOPCINFO_FILE                       ; nios_system/synthesis/../../nios_system.sopcinfo              ; --              ; --          ; --         ;
; SYNTHESIS_ONLY_QIP                  ; On                                                            ; --              ; --          ; --         ;
; TOP_LEVEL_ENTITY                    ; top                                                           ; audio_processor ; --          ; --         ;
+-------------------------------------+---------------------------------------------------------------+-----------------+-------------+------------+


+-------------------------------------------------------------------------------------------------------------------------------+
; Flow Elapsed Time                                                                                                             ;
+---------------------------+--------------+-------------------------+---------------------+------------------------------------+
; Module Name               ; Elapsed Time ; Average Processors Used ; Peak Virtual Memory ; Total CPU Time (on all processors) ;
+---------------------------+--------------+-------------------------+---------------------+------------------------------------+
; Analysis & Synthesis      ; 00:00:47     ; 1.0                     ; 884 MB              ; 00:01:15                           ;
; Fitter                    ; 00:01:35     ; 1.1                     ; 2935 MB             ; 00:02:52                           ;
; Assembler                 ; 00:00:12     ; 1.0                     ; 772 MB              ; 00:00:08                           ;
; TimeQuest Timing Analyzer ; 00:00:18     ; 1.4                     ; 1252 MB             ; 00:00:21                           ;
; Total                     ; 00:02:52     ; --                      ; --                  ; 00:04:36                           ;
+---------------------------+--------------+-------------------------+---------------------+------------------------------------+


+-----------------------------------------------------------------------------------------+
; Flow OS Summary                                                                         ;
+---------------------------+------------------+------------+------------+----------------+
; Module Name               ; Machine Hostname ; OS Name    ; OS Version ; Processor type ;
+---------------------------+------------------+------------+------------+----------------+
; Analysis & Synthesis      ; sunny-pc         ; Windows 10 ; 10.0       ; x86_64         ;
; Fitter                    ; sunny-pc         ; Windows 10 ; 10.0       ; x86_64         ;
; Assembler                 ; sunny-pc         ; Windows 10 ; 10.0       ; x86_64         ;
; TimeQuest Timing Analyzer ; sunny-pc         ; Windows 10 ; 10.0       ; x86_64         ;
+---------------------------+------------------+------------+------------+----------------+


------------
; Flow Log ;
------------
quartus_map --read_settings_files=on --write_settings_files=off audio_processor -c audio_processor
quartus_fit --read_settings_files=off --write_settings_files=off audio_processor -c audio_processor
quartus_asm --read_settings_files=off --write_settings_files=off audio_processor -c audio_processor
quartus_sta audio_processor -c audio_processor



