Info: Starting: Create block symbol file (.bsf)
Info: qsys-generate C:\Users\Sunny\Desktop\backup\ESD-Lab_6\hw\project\DE1_SoC_QSYS.qsys --block-symbol-file --output-directory=C:\Users\Sunny\Desktop\backup\ESD-Lab_6\hw\project\DE1_SoC_QSYS --family="Cyclone V" --part=5CSEMA5F31C6
Progress: Loading project/DE1_SoC_QSYS.qsys
Progress: Reading input file
Progress: Adding PLAY_BTN_IN [altera_avalon_pio 16.1]
Progress: Parameterizing module PLAY_BTN_IN
Progress: Adding RECORD_BTN_IN [altera_avalon_pio 16.1]
Progress: Parameterizing module RECORD_BTN_IN
Progress: Adding clk_50 [clock_source 16.1]
Progress: Parameterizing module clk_50
Progress: Adding data_in [altera_avalon_pio 16.1]
Progress: Parameterizing module data_in
Progress: Adding data_out [altera_avalon_pio 16.1]
Progress: Parameterizing module data_out
Progress: Adding jtag_uart [altera_avalon_jtag_uart 16.1]
Progress: Parameterizing module jtag_uart
Progress: Adding key [altera_avalon_pio 16.1]
Progress: Parameterizing module key
Progress: Adding nios2_qsys [altera_nios2_qsys 16.1]
Progress: Parameterizing module nios2_qsys
Progress: Adding onchip_memory2 [altera_avalon_onchip_memory2 16.1]
Progress: Parameterizing module onchip_memory2
Progress: Adding pll [altera_pll 16.1]
Progress: Parameterizing module pll
Progress: Adding sdram [altera_avalon_new_sdram_controller 16.1]
Progress: Parameterizing module sdram
Progress: Adding sync_in [altera_avalon_pio 16.1]
Progress: Parameterizing module sync_in
Progress: Adding sysid_qsys [altera_avalon_sysid_qsys 16.1]
Progress: Parameterizing module sysid_qsys
Progress: Adding timer [altera_avalon_timer 16.1]
Progress: Parameterizing module timer
Progress: Building connections
Progress: Parameterizing connections
Progress: Validating
Progress: Done reading input file
Info: DE1_SoC_QSYS.PLAY_BTN_IN: PIO inputs are not hardwired in test bench. Undefined values will be read from PIO inputs during simulation.
Info: DE1_SoC_QSYS.RECORD_BTN_IN: PIO inputs are not hardwired in test bench. Undefined values will be read from PIO inputs during simulation.
Info: DE1_SoC_QSYS.data_in: PIO inputs are not hardwired in test bench. Undefined values will be read from PIO inputs during simulation.
Info: DE1_SoC_QSYS.jtag_uart: JTAG UART IP input clock need to be at least double (2x) the operating frequency of JTAG TCK on board
Info: DE1_SoC_QSYS.key: PIO inputs are not hardwired in test bench. Undefined values will be read from PIO inputs during simulation.
Warning: DE1_SoC_QSYS.nios2_qsys: Nios II Classic cores are no longer recommended for new projects
Info: DE1_SoC_QSYS.pll: The legal reference clock frequency is 5.0 MHz..800.0 MHz
Warning: DE1_SoC_QSYS.pll: Able to implement PLL - Actual settings differ from Requested settings
Info: DE1_SoC_QSYS.sdram: SDRAM Controller will only be supported in Quartus Prime Standard Edition in the future release.
Info: DE1_SoC_QSYS.sync_in: PIO inputs are not hardwired in test bench. Undefined values will be read from PIO inputs during simulation.
Info: DE1_SoC_QSYS.sysid_qsys: System ID is not assigned automatically. Edit the System ID parameter to provide a unique ID
Info: DE1_SoC_QSYS.sysid_qsys: Time stamp will be automatically updated when this component is generated.
Info: qsys-generate succeeded.
Info: Finished: Create block symbol file (.bsf)
Info: 
Info: Starting: Create HDL design files for synthesis
Info: qsys-generate C:\Users\Sunny\Desktop\backup\ESD-Lab_6\hw\project\DE1_SoC_QSYS.qsys --synthesis=VHDL --output-directory=C:\Users\Sunny\Desktop\backup\ESD-Lab_6\hw\project\DE1_SoC_QSYS\synthesis --family="Cyclone V" --part=5CSEMA5F31C6
Progress: Loading project/DE1_SoC_QSYS.qsys
Progress: Reading input file
Progress: Adding PLAY_BTN_IN [altera_avalon_pio 16.1]
Progress: Parameterizing module PLAY_BTN_IN
Progress: Adding RECORD_BTN_IN [altera_avalon_pio 16.1]
Progress: Parameterizing module RECORD_BTN_IN
Progress: Adding clk_50 [clock_source 16.1]
Progress: Parameterizing module clk_50
Progress: Adding data_in [altera_avalon_pio 16.1]
Progress: Parameterizing module data_in
Progress: Adding data_out [altera_avalon_pio 16.1]
Progress: Parameterizing module data_out
Progress: Adding jtag_uart [altera_avalon_jtag_uart 16.1]
Progress: Parameterizing module jtag_uart
Progress: Adding key [altera_avalon_pio 16.1]
Progress: Parameterizing module key
Progress: Adding nios2_qsys [altera_nios2_qsys 16.1]
Progress: Parameterizing module nios2_qsys
Progress: Adding onchip_memory2 [altera_avalon_onchip_memory2 16.1]
Progress: Parameterizing module onchip_memory2
Progress: Adding pll [altera_pll 16.1]
Progress: Parameterizing module pll
Progress: Adding sdram [altera_avalon_new_sdram_controller 16.1]
Progress: Parameterizing module sdram
Progress: Adding sync_in [altera_avalon_pio 16.1]
Progress: Parameterizing module sync_in
Progress: Adding sysid_qsys [altera_avalon_sysid_qsys 16.1]
Progress: Parameterizing module sysid_qsys
Progress: Adding timer [altera_avalon_timer 16.1]
Progress: Parameterizing module timer
Progress: Building connections
Progress: Parameterizing connections
Progress: Validating
Progress: Done reading input file
Info: DE1_SoC_QSYS.PLAY_BTN_IN: PIO inputs are not hardwired in test bench. Undefined values will be read from PIO inputs during simulation.
Info: DE1_SoC_QSYS.RECORD_BTN_IN: PIO inputs are not hardwired in test bench. Undefined values will be read from PIO inputs during simulation.
Info: DE1_SoC_QSYS.data_in: PIO inputs are not hardwired in test bench. Undefined values will be read from PIO inputs during simulation.
Info: DE1_SoC_QSYS.jtag_uart: JTAG UART IP input clock need to be at least double (2x) the operating frequency of JTAG TCK on board
Info: DE1_SoC_QSYS.key: PIO inputs are not hardwired in test bench. Undefined values will be read from PIO inputs during simulation.
Warning: DE1_SoC_QSYS.nios2_qsys: Nios II Classic cores are no longer recommended for new projects
Info: DE1_SoC_QSYS.pll: The legal reference clock frequency is 5.0 MHz..800.0 MHz
Warning: DE1_SoC_QSYS.pll: Able to implement PLL - Actual settings differ from Requested settings
Info: DE1_SoC_QSYS.sdram: SDRAM Controller will only be supported in Quartus Prime Standard Edition in the future release.
Info: DE1_SoC_QSYS.sync_in: PIO inputs are not hardwired in test bench. Undefined values will be read from PIO inputs during simulation.
Info: DE1_SoC_QSYS.sysid_qsys: System ID is not assigned automatically. Edit the System ID parameter to provide a unique ID
Info: DE1_SoC_QSYS.sysid_qsys: Time stamp will be automatically updated when this component is generated.
Info: DE1_SoC_QSYS: Generating DE1_SoC_QSYS "DE1_SoC_QSYS" for QUARTUS_SYNTH
Info: PLAY_BTN_IN: Starting RTL generation for module 'DE1_SoC_QSYS_PLAY_BTN_IN'
Info: PLAY_BTN_IN:   Generation command is [exec C:/intelfpga_lite/16.1/quartus/bin64/perl/bin/perl.exe -I C:/intelfpga_lite/16.1/quartus/bin64/perl/lib -I C:/intelfpga_lite/16.1/quartus/sopc_builder/bin/europa -I C:/intelfpga_lite/16.1/quartus/sopc_builder/bin/perl_lib -I C:/intelfpga_lite/16.1/quartus/sopc_builder/bin -I C:/intelfpga_lite/16.1/quartus/../ip/altera/sopc_builder_ip/common -I C:/intelfpga_lite/16.1/quartus/../ip/altera/sopc_builder_ip/altera_avalon_pio -- C:/intelfpga_lite/16.1/quartus/../ip/altera/sopc_builder_ip/altera_avalon_pio/generate_rtl.pl --name=DE1_SoC_QSYS_PLAY_BTN_IN --dir=C:/Users/Sunny/AppData/Local/Temp/alt7295_543837615625254882.dir/0001_PLAY_BTN_IN_gen/ --quartus_dir=C:/intelfpga_lite/16.1/quartus --verilog --config=C:/Users/Sunny/AppData/Local/Temp/alt7295_543837615625254882.dir/0001_PLAY_BTN_IN_gen//DE1_SoC_QSYS_PLAY_BTN_IN_component_configuration.pl  --do_build_sim=0  ]
Info: PLAY_BTN_IN: Done RTL generation for module 'DE1_SoC_QSYS_PLAY_BTN_IN'
Info: PLAY_BTN_IN: "DE1_SoC_QSYS" instantiated altera_avalon_pio "PLAY_BTN_IN"
Info: data_in: Starting RTL generation for module 'DE1_SoC_QSYS_data_in'
Info: data_in:   Generation command is [exec C:/intelfpga_lite/16.1/quartus/bin64/perl/bin/perl.exe -I C:/intelfpga_lite/16.1/quartus/bin64/perl/lib -I C:/intelfpga_lite/16.1/quartus/sopc_builder/bin/europa -I C:/intelfpga_lite/16.1/quartus/sopc_builder/bin/perl_lib -I C:/intelfpga_lite/16.1/quartus/sopc_builder/bin -I C:/intelfpga_lite/16.1/quartus/../ip/altera/sopc_builder_ip/common -I C:/intelfpga_lite/16.1/quartus/../ip/altera/sopc_builder_ip/altera_avalon_pio -- C:/intelfpga_lite/16.1/quartus/../ip/altera/sopc_builder_ip/altera_avalon_pio/generate_rtl.pl --name=DE1_SoC_QSYS_data_in --dir=C:/Users/Sunny/AppData/Local/Temp/alt7295_543837615625254882.dir/0002_data_in_gen/ --quartus_dir=C:/intelfpga_lite/16.1/quartus --verilog --config=C:/Users/Sunny/AppData/Local/Temp/alt7295_543837615625254882.dir/0002_data_in_gen//DE1_SoC_QSYS_data_in_component_configuration.pl  --do_build_sim=0  ]
Info: data_in: Done RTL generation for module 'DE1_SoC_QSYS_data_in'
Info: data_in: "DE1_SoC_QSYS" instantiated altera_avalon_pio "data_in"
Info: data_out: Starting RTL generation for module 'DE1_SoC_QSYS_data_out'
Info: data_out:   Generation command is [exec C:/intelfpga_lite/16.1/quartus/bin64/perl/bin/perl.exe -I C:/intelfpga_lite/16.1/quartus/bin64/perl/lib -I C:/intelfpga_lite/16.1/quartus/sopc_builder/bin/europa -I C:/intelfpga_lite/16.1/quartus/sopc_builder/bin/perl_lib -I C:/intelfpga_lite/16.1/quartus/sopc_builder/bin -I C:/intelfpga_lite/16.1/quartus/../ip/altera/sopc_builder_ip/common -I C:/intelfpga_lite/16.1/quartus/../ip/altera/sopc_builder_ip/altera_avalon_pio -- C:/intelfpga_lite/16.1/quartus/../ip/altera/sopc_builder_ip/altera_avalon_pio/generate_rtl.pl --name=DE1_SoC_QSYS_data_out --dir=C:/Users/Sunny/AppData/Local/Temp/alt7295_543837615625254882.dir/0003_data_out_gen/ --quartus_dir=C:/intelfpga_lite/16.1/quartus --verilog --config=C:/Users/Sunny/AppData/Local/Temp/alt7295_543837615625254882.dir/0003_data_out_gen//DE1_SoC_QSYS_data_out_component_configuration.pl  --do_build_sim=0  ]
Info: data_out: Done RTL generation for module 'DE1_SoC_QSYS_data_out'
Info: data_out: "DE1_SoC_QSYS" instantiated altera_avalon_pio "data_out"
Info: jtag_uart: Starting RTL generation for module 'DE1_SoC_QSYS_jtag_uart'
Info: jtag_uart:   Generation command is [exec C:/intelfpga_lite/16.1/quartus/bin64/perl/bin/perl.exe -I C:/intelfpga_lite/16.1/quartus/bin64/perl/lib -I C:/intelfpga_lite/16.1/quartus/sopc_builder/bin/europa -I C:/intelfpga_lite/16.1/quartus/sopc_builder/bin/perl_lib -I C:/intelfpga_lite/16.1/quartus/sopc_builder/bin -I C:/intelfpga_lite/16.1/quartus/../ip/altera/sopc_builder_ip/common -I C:/intelfpga_lite/16.1/quartus/../ip/altera/sopc_builder_ip/altera_avalon_jtag_uart -- C:/intelfpga_lite/16.1/quartus/../ip/altera/sopc_builder_ip/altera_avalon_jtag_uart/generate_rtl.pl --name=DE1_SoC_QSYS_jtag_uart --dir=C:/Users/Sunny/AppData/Local/Temp/alt7295_543837615625254882.dir/0004_jtag_uart_gen/ --quartus_dir=C:/intelfpga_lite/16.1/quartus --verilog --config=C:/Users/Sunny/AppData/Local/Temp/alt7295_543837615625254882.dir/0004_jtag_uart_gen//DE1_SoC_QSYS_jtag_uart_component_configuration.pl  --do_build_sim=0  ]
Info: jtag_uart: Done RTL generation for module 'DE1_SoC_QSYS_jtag_uart'
Info: jtag_uart: "DE1_SoC_QSYS" instantiated altera_avalon_jtag_uart "jtag_uart"
Info: key: Starting RTL generation for module 'DE1_SoC_QSYS_key'
Info: key:   Generation command is [exec C:/intelfpga_lite/16.1/quartus/bin64/perl/bin/perl.exe -I C:/intelfpga_lite/16.1/quartus/bin64/perl/lib -I C:/intelfpga_lite/16.1/quartus/sopc_builder/bin/europa -I C:/intelfpga_lite/16.1/quartus/sopc_builder/bin/perl_lib -I C:/intelfpga_lite/16.1/quartus/sopc_builder/bin -I C:/intelfpga_lite/16.1/quartus/../ip/altera/sopc_builder_ip/common -I C:/intelfpga_lite/16.1/quartus/../ip/altera/sopc_builder_ip/altera_avalon_pio -- C:/intelfpga_lite/16.1/quartus/../ip/altera/sopc_builder_ip/altera_avalon_pio/generate_rtl.pl --name=DE1_SoC_QSYS_key --dir=C:/Users/Sunny/AppData/Local/Temp/alt7295_543837615625254882.dir/0005_key_gen/ --quartus_dir=C:/intelfpga_lite/16.1/quartus --verilog --config=C:/Users/Sunny/AppData/Local/Temp/alt7295_543837615625254882.dir/0005_key_gen//DE1_SoC_QSYS_key_component_configuration.pl  --do_build_sim=0  ]
Info: key: Done RTL generation for module 'DE1_SoC_QSYS_key'
Info: key: "DE1_SoC_QSYS" instantiated altera_avalon_pio "key"
Info: nios2_qsys: Starting RTL generation for module 'DE1_SoC_QSYS_nios2_qsys'
Info: nios2_qsys:   Generation command is [exec C:/intelfpga_lite/16.1/quartus/bin64/eperlcmd.exe -I C:/intelfpga_lite/16.1/quartus/bin64/perl/lib -I C:/intelfpga_lite/16.1/quartus/sopc_builder/bin/europa -I C:/intelfpga_lite/16.1/quartus/sopc_builder/bin/perl_lib -I C:/intelfpga_lite/16.1/quartus/sopc_builder/bin -I C:/intelfpga_lite/16.1/quartus/../ip/altera/nios2_ip/altera_nios2/cpu_lib -I C:/intelfpga_lite/16.1/quartus/../ip/altera/nios2_ip/altera_nios2/nios_lib -I C:/intelfpga_lite/16.1/quartus/../ip/altera/nios2_ip/altera_nios2 -I C:/intelfpga_lite/16.1/quartus/../ip/altera/nios2_ip/altera_nios2 -- C:/intelfpga_lite/16.1/quartus/../ip/altera/nios2_ip/altera_nios2/generate_rtl.epl --name=DE1_SoC_QSYS_nios2_qsys --dir=C:/Users/Sunny/AppData/Local/Temp/alt7295_543837615625254882.dir/0006_nios2_qsys_gen/ --quartus_bindir=C:/intelfpga_lite/16.1/quartus/bin64 --verilog --config=C:/Users/Sunny/AppData/Local/Temp/alt7295_543837615625254882.dir/0006_nios2_qsys_gen//DE1_SoC_QSYS_nios2_qsys_processor_configuration.pl  --do_build_sim=0  ]
Info: nios2_qsys: # 2017.05.09 00:45:46 (*) Starting Nios II generation
Info: nios2_qsys: # 2017.05.09 00:45:46 (*)   Checking for plaintext license.
Info: nios2_qsys: # 2017.05.09 00:45:46 (*)   Couldn't query license setup in Quartus directory C:/intelfpga_lite/16.1/quartus/bin64
Info: nios2_qsys: # 2017.05.09 00:45:46 (*)   Defaulting to contents of LM_LICENSE_FILE environment variable
Info: nios2_qsys: # 2017.05.09 00:45:46 (*)   LM_LICENSE_FILE environment variable is empty
Info: nios2_qsys: # 2017.05.09 00:45:46 (*)   Plaintext license not found.
Info: nios2_qsys: # 2017.05.09 00:45:46 (*)   No license required to generate encrypted Nios II/e.
Info: nios2_qsys: # 2017.05.09 00:45:46 (*)   Elaborating CPU configuration settings
Info: nios2_qsys: # 2017.05.09 00:45:46 (*)   Creating all objects for CPU
Info: nios2_qsys: # 2017.05.09 00:45:48 (*)   Generating RTL from CPU objects
Info: nios2_qsys: # 2017.05.09 00:45:48 (*)   Creating plain-text RTL
Info: nios2_qsys: # 2017.05.09 00:45:50 (*) Done Nios II generation
Info: nios2_qsys: Done RTL generation for module 'DE1_SoC_QSYS_nios2_qsys'
Info: nios2_qsys: "DE1_SoC_QSYS" instantiated altera_nios2_qsys "nios2_qsys"
Info: onchip_memory2: Starting RTL generation for module 'DE1_SoC_QSYS_onchip_memory2'
Info: onchip_memory2:   Generation command is [exec C:/intelfpga_lite/16.1/quartus/bin64/perl/bin/perl.exe -I C:/intelfpga_lite/16.1/quartus/bin64/perl/lib -I C:/intelfpga_lite/16.1/quartus/sopc_builder/bin/europa -I C:/intelfpga_lite/16.1/quartus/sopc_builder/bin/perl_lib -I C:/intelfpga_lite/16.1/quartus/sopc_builder/bin -I C:/intelfpga_lite/16.1/quartus/../ip/altera/sopc_builder_ip/common -I C:/intelfpga_lite/16.1/quartus/../ip/altera/sopc_builder_ip/altera_avalon_onchip_memory2 -- C:/intelfpga_lite/16.1/quartus/../ip/altera/sopc_builder_ip/altera_avalon_onchip_memory2/generate_rtl.pl --name=DE1_SoC_QSYS_onchip_memory2 --dir=C:/Users/Sunny/AppData/Local/Temp/alt7295_543837615625254882.dir/0007_onchip_memory2_gen/ --quartus_dir=C:/intelfpga_lite/16.1/quartus --verilog --config=C:/Users/Sunny/AppData/Local/Temp/alt7295_543837615625254882.dir/0007_onchip_memory2_gen//DE1_SoC_QSYS_onchip_memory2_component_configuration.pl  --do_build_sim=0  ]
Info: onchip_memory2: Done RTL generation for module 'DE1_SoC_QSYS_onchip_memory2'
Info: onchip_memory2: "DE1_SoC_QSYS" instantiated altera_avalon_onchip_memory2 "onchip_memory2"
Info: pll: "DE1_SoC_QSYS" instantiated altera_pll "pll"
Info: sdram: Starting RTL generation for module 'DE1_SoC_QSYS_sdram'
Info: sdram:   Generation command is [exec C:/intelfpga_lite/16.1/quartus/bin64/perl/bin/perl.exe -I C:/intelfpga_lite/16.1/quartus/bin64/perl/lib -I C:/intelfpga_lite/16.1/quartus/sopc_builder/bin/europa -I C:/intelfpga_lite/16.1/quartus/sopc_builder/bin/perl_lib -I C:/intelfpga_lite/16.1/quartus/sopc_builder/bin -I C:/intelfpga_lite/16.1/quartus/../ip/altera/sopc_builder_ip/common -I C:/intelfpga_lite/16.1/quartus/../ip/altera/sopc_builder_ip/altera_avalon_new_sdram_controller -- C:/intelfpga_lite/16.1/quartus/../ip/altera/sopc_builder_ip/altera_avalon_new_sdram_controller/generate_rtl.pl --name=DE1_SoC_QSYS_sdram --dir=C:/Users/Sunny/AppData/Local/Temp/alt7295_543837615625254882.dir/0009_sdram_gen/ --quartus_dir=C:/intelfpga_lite/16.1/quartus --verilog --config=C:/Users/Sunny/AppData/Local/Temp/alt7295_543837615625254882.dir/0009_sdram_gen//DE1_SoC_QSYS_sdram_component_configuration.pl  --do_build_sim=0  ]
Info: sdram: Done RTL generation for module 'DE1_SoC_QSYS_sdram'
Info: sdram: "DE1_SoC_QSYS" instantiated altera_avalon_new_sdram_controller "sdram"
Info: sysid_qsys: "DE1_SoC_QSYS" instantiated altera_avalon_sysid_qsys "sysid_qsys"
Info: timer: Starting RTL generation for module 'DE1_SoC_QSYS_timer'
Info: timer:   Generation command is [exec C:/intelFPGA_lite/16.1/quartus/bin64//perl/bin/perl.exe -I C:/intelFPGA_lite/16.1/quartus/bin64//perl/lib -I C:/intelfpga_lite/16.1/quartus/sopc_builder/bin/europa -I C:/intelfpga_lite/16.1/quartus/sopc_builder/bin/perl_lib -I C:/intelfpga_lite/16.1/quartus/sopc_builder/bin -I C:/intelfpga_lite/16.1/quartus/../ip/altera/sopc_builder_ip/common -I C:/intelfpga_lite/16.1/quartus/../ip/altera/sopc_builder_ip/altera_avalon_timer -- C:/intelfpga_lite/16.1/quartus/../ip/altera/sopc_builder_ip/altera_avalon_timer/generate_rtl.pl --name=DE1_SoC_QSYS_timer --dir=C:/Users/Sunny/AppData/Local/Temp/alt7295_543837615625254882.dir/0011_timer_gen/ --quartus_dir=C:/intelfpga_lite/16.1/quartus --verilog --config=C:/Users/Sunny/AppData/Local/Temp/alt7295_543837615625254882.dir/0011_timer_gen//DE1_SoC_QSYS_timer_component_configuration.pl  --do_build_sim=0  ]
Info: timer: Done RTL generation for module 'DE1_SoC_QSYS_timer'
Info: timer: "DE1_SoC_QSYS" instantiated altera_avalon_timer "timer"
Info: avalon_st_adapter: Inserting error_adapter: error_adapter_0
Info: avalon_st_adapter_001: Inserting error_adapter: error_adapter_0
Info: avalon_st_adapter_002: Inserting error_adapter: error_adapter_0
Info: avalon_st_adapter_003: Inserting error_adapter: error_adapter_0
Info: avalon_st_adapter_004: Inserting error_adapter: error_adapter_0
Info: avalon_st_adapter_005: Inserting error_adapter: error_adapter_0
Info: avalon_st_adapter_006: Inserting error_adapter: error_adapter_0
Info: avalon_st_adapter_007: Inserting error_adapter: error_adapter_0
Info: avalon_st_adapter_008: Inserting error_adapter: error_adapter_0
Info: avalon_st_adapter_009: Inserting error_adapter: error_adapter_0
Info: avalon_st_adapter_010: Inserting error_adapter: error_adapter_0
Info: avalon_st_adapter_011: Inserting error_adapter: error_adapter_0
Info: mm_interconnect_0: "DE1_SoC_QSYS" instantiated altera_mm_interconnect "mm_interconnect_0"
Info: irq_mapper: "DE1_SoC_QSYS" instantiated altera_irq_mapper "irq_mapper"
Info: rst_controller: "DE1_SoC_QSYS" instantiated altera_reset_controller "rst_controller"
Info: nios2_qsys_data_master_translator: "mm_interconnect_0" instantiated altera_merlin_master_translator "nios2_qsys_data_master_translator"
Info: jtag_uart_avalon_jtag_slave_translator: "mm_interconnect_0" instantiated altera_merlin_slave_translator "jtag_uart_avalon_jtag_slave_translator"
Info: nios2_qsys_data_master_agent: "mm_interconnect_0" instantiated altera_merlin_master_agent "nios2_qsys_data_master_agent"
Info: jtag_uart_avalon_jtag_slave_agent: "mm_interconnect_0" instantiated altera_merlin_slave_agent "jtag_uart_avalon_jtag_slave_agent"
Info: jtag_uart_avalon_jtag_slave_agent_rsp_fifo: "mm_interconnect_0" instantiated altera_avalon_sc_fifo "jtag_uart_avalon_jtag_slave_agent_rsp_fifo"
Info: router: "mm_interconnect_0" instantiated altera_merlin_router "router"
Info: router_001: "mm_interconnect_0" instantiated altera_merlin_router "router_001"
Info: router_002: "mm_interconnect_0" instantiated altera_merlin_router "router_002"
Info: router_004: "mm_interconnect_0" instantiated altera_merlin_router "router_004"
Info: router_008: "mm_interconnect_0" instantiated altera_merlin_router "router_008"
Info: sdram_s1_burst_adapter: "mm_interconnect_0" instantiated altera_merlin_burst_adapter "sdram_s1_burst_adapter"
Info: cmd_demux: "mm_interconnect_0" instantiated altera_merlin_demultiplexer "cmd_demux"
Info: cmd_demux_001: "mm_interconnect_0" instantiated altera_merlin_demultiplexer "cmd_demux_001"
Info: cmd_mux: "mm_interconnect_0" instantiated altera_merlin_multiplexer "cmd_mux"
Info: cmd_mux_002: "mm_interconnect_0" instantiated altera_merlin_multiplexer "cmd_mux_002"
Info: Reusing file C:/Users/Sunny/Desktop/backup/ESD-Lab_6/hw/project/DE1_SoC_QSYS/synthesis/submodules/altera_merlin_arbitrator.sv
Info: rsp_demux: "mm_interconnect_0" instantiated altera_merlin_demultiplexer "rsp_demux"
Info: rsp_mux: "mm_interconnect_0" instantiated altera_merlin_multiplexer "rsp_mux"
Info: Reusing file C:/Users/Sunny/Desktop/backup/ESD-Lab_6/hw/project/DE1_SoC_QSYS/synthesis/submodules/altera_merlin_arbitrator.sv
Info: rsp_mux_001: "mm_interconnect_0" instantiated altera_merlin_multiplexer "rsp_mux_001"
Info: Reusing file C:/Users/Sunny/Desktop/backup/ESD-Lab_6/hw/project/DE1_SoC_QSYS/synthesis/submodules/altera_merlin_arbitrator.sv
Info: sdram_s1_rsp_width_adapter: "mm_interconnect_0" instantiated altera_merlin_width_adapter "sdram_s1_rsp_width_adapter"
Info: Reusing file C:/Users/Sunny/Desktop/backup/ESD-Lab_6/hw/project/DE1_SoC_QSYS/synthesis/submodules/altera_merlin_address_alignment.sv
Info: Reusing file C:/Users/Sunny/Desktop/backup/ESD-Lab_6/hw/project/DE1_SoC_QSYS/synthesis/submodules/altera_merlin_burst_uncompressor.sv
Info: avalon_st_adapter: "mm_interconnect_0" instantiated altera_avalon_st_adapter "avalon_st_adapter"
Info: avalon_st_adapter_006: "mm_interconnect_0" instantiated altera_avalon_st_adapter "avalon_st_adapter_006"
Info: error_adapter_0: "avalon_st_adapter" instantiated error_adapter "error_adapter_0"
Info: error_adapter_0: "avalon_st_adapter_006" instantiated error_adapter "error_adapter_0"
Info: DE1_SoC_QSYS: Done "DE1_SoC_QSYS" with 38 modules, 65 files
Info: qsys-generate succeeded.
Info: Finished: Create HDL design files for synthesis
